<?xml version="1.0" encoding="UTF-8"?>
<!-- Generated by org.testng.reporters.JUnitXMLReporter -->
<testsuite hostname="Neeraj" name="Test" tests="5" failures="0" timestamp="6 Jul 2017 15:19:38 GMT" time="0.274" errors="0">
  <testcase name="function1Test1" time="0.071" classname="Test1"/>
  <testcase name="function3Test1" time="0.016" classname="Test1"/>
  <testcase name="function1Test1" time="0.034" classname="Test4"/>
  <testcase name="function1Test1" time="0.014" classname="Test2"/>
  <testcase name="function1Test1" time="0.011" classname="Test3"/>
</testsuite> <!-- Test -->
