<?xml version="1.0" encoding="UTF-8"?>
<!-- Generated by org.testng.reporters.JUnitXMLReporter -->
<testsuite hostname="Neeraj" name="Test" tests="9" failures="0" timestamp="7 Jul 2017 18:10:28 GMT" time="16.131" errors="0">
  <testcase name="function1Test1" time="0.618" classname="com.neeraj.pages.Test1">
    <skipped/>
  </testcase> <!-- function1Test1 -->
  <testcase name="function1Test1" time="0.073" classname="com.neeraj.pages.Test1">
    <skipped/>
  </testcase> <!-- function1Test1 -->
  <testcase name="function1Test1" time="0.045" classname="com.neeraj.pages.Test1"/>
  <testcase name="function1Test1" time="0.059" classname="com.neeraj.pages.Test1"/>
  <testcase name="function3Test1" time="0.018" classname="com.neeraj.pages.Test1"/>
  <testcase name="jsoupTestReadHTML" time="8.126" classname="com.neeraj.pages.Test1">
    <skipped/>
  </testcase> <!-- jsoupTestReadHTML -->
  <testcase name="jsoupTestReadHTML" time="4.607" classname="com.neeraj.pages.Test1">
    <skipped/>
  </testcase> <!-- jsoupTestReadHTML -->
  <testcase name="jsoupTestReadHTML" time="0.872" classname="com.neeraj.pages.Test1"/>
  <testcase name="jsoupTestReadHTML" time="1.042" classname="com.neeraj.pages.Test1"/>
</testsuite> <!-- Test -->
